<?xml version="1.0" encoding="UTF-8"?>
<beans xmlns="http://www.springframework.org/schema/beans"
       xmlns:xsi="http://www.w3.org/2001/XMLSchema-instance"
       xmlns:context="http://www.springframework.org/schema/context"
       xmlns:util="http://www.springframework.org/schema/util"
       xsi:schemaLocation="http://www.springframework.org/schema/beans
            http://www.springframework.org/schema/beans/spring-beans-3.0.xsd
            http://www.springframework.org/schema/util
            http://www.springframework.org/schema/util/spring-util-3.1.xsd
            http://camel.apache.org/schema/spring
            http://camel.apache.org/schema/spring/camel-spring.xsd
            http://www.springframework.org/schema/context
            http://www.springframework.org/schema/context/spring-context-3.0.xsd">

    <bean id="camelot-config" class="ru.yandex.qatools.camelot.spring.ListablePropertyPlaceholderConfigurer">
        <property name="locations">
            <list>
                <value>classpath*:camelot-default.properties</value>
                <value>classpath*:camelot.properties</value>
                <value>classpath:/camelot-test-config.properties</value>
                <value>classpath*:camelot-test.properties</value>
            </list>
        </property>
    </bean>

    <!-- Beans -->
    <bean id="schedulerFactory" class="org.quartz.impl.StdSchedulerFactory"/>
    <bean id="pluginsService" class="ru.yandex.qatools.camelot.core.impl.ProcessingEngineImpl" init-method="init">
        <constructor-arg name="configResources" value="classpath:/camelot.xml"/>
        <constructor-arg name="camelContext" ref="camelotCamelContext"/>
        <constructor-arg name="pluginLoader">
            <bean class="ru.yandex.qatools.camelot.core.impl.SameClasspathPluginLoader"/>
        </constructor-arg>
        <constructor-arg name="inputUri" value="ref:events.input"/>
        <constructor-arg name="outputUri" value="ref:events.output"/>
        <property name="scheduler">
            <bean factory-bean="schedulerFactory" factory-method="getScheduler"/>
        </property>
        <property name="appConfig">
            <bean class="ru.yandex.qatools.camelot.core.impl.AppConfigSpringProperties"/>
        </property>
    </bean>

    <!-- Routes -->
    <camelContext id="camelotCamelContext" xmlns="http://camel.apache.org/schema/spring">
        <jmxAgent id="agent" disabled="true"/>
        <threadPoolProfile id="camelotDefaultProfile" defaultProfile="true" keepAliveTime="30000" maxPoolSize="50" poolSize="1" timeUnit="MILLISECONDS"/>
        <threadPoolProfile id="camelotMulticastProfile" keepAliveTime="30000" poolSize="1" maxPoolSize="5" timeUnit="MILLISECONDS"/>

        <endpoint id="events.input" uri="seda:events.input"/>
        <endpoint id="events.output" uri="seda:events.output"/>

        <route id="stopped">
            <from ref="events.output"/>
            <stop/>
        </route>
    </camelContext>
</beans>
