<?xml version="1.0" encoding="UTF-8"?>
<beans xmlns="http://www.springframework.org/schema/beans"
       xmlns:xsi="http://www.w3.org/2001/XMLSchema-instance"
       xsi:schemaLocation="http://www.springframework.org/schema/beans
            http://www.springframework.org/schema/beans/spring-beans-3.0.xsd">

    <!-- Builders Factories -->
    <bean id="camelot-factory-memory" class="ru.yandex.qatools.camelot.core.builders.UnreachableFactory">
    </bean>
</beans>
